<?xml version="1.0" encoding="UTF-8"?>
<!-- Generated by org.testng.reporters.JUnitReportReporter -->
<testsuite hostname="DSK-541" failures="0" tests="1" name="testscript.addToCartButtonWorking" time="26.079" errors="0" timestamp="2021-03-23T18:24:51 IST" skipped="0">
  <testcase classname="testscript.addToCartButtonWorking" name="buttonTest" time="26.079"/>
  <system-out/>
</testsuite> <!-- testscript.addToCartButtonWorking -->
